c:\users\leah.lindner\documents\personalprojects\synthesizer\build\source\etcore\etcore.dir\debug\etcore.pch
c:\users\leah.lindner\documents\personalprojects\synthesizer\build\source\etcore\etcore.dir\debug\etcore.pdb
c:\users\leah.lindner\documents\personalprojects\synthesizer\build\source\etcore\etcore.dir\debug\stdafx.obj
c:\users\leah.lindner\documents\personalprojects\synthesizer\build\source\etcore\etcore.dir\debug\realtimeticktriggerer.obj
c:\users\leah.lindner\documents\personalprojects\synthesizer\build\source\etcore\etcore.dir\debug\defaultticktriggerer.obj
c:\users\leah.lindner\documents\personalprojects\synthesizer\build\source\etcore\etcore.dir\debug\serialization.obj
c:\users\leah.lindner\documents\personalprojects\synthesizer\build\source\etcore\etcore.dir\debug\windowsutil.obj
c:\users\leah.lindner\documents\personalprojects\synthesizer\build\source\etcore\etcore.dir\debug\time.obj
c:\users\leah.lindner\documents\personalprojects\synthesizer\build\source\etcore\etcore.dir\debug\performanceinfo.obj
c:\users\leah.lindner\documents\personalprojects\synthesizer\build\source\etcore\etcore.dir\debug\logger.obj
c:\users\leah.lindner\documents\personalprojects\synthesizer\build\source\etcore\etcore.dir\debug\inputmanager.obj
c:\users\leah.lindner\documents\personalprojects\synthesizer\build\source\etcore\etcore.dir\debug\commands.obj
c:\users\leah.lindner\documents\personalprojects\synthesizer\build\source\etcore\etcore.dir\debug\command.obj
c:\users\leah.lindner\documents\personalprojects\synthesizer\build\source\etcore\etcore.dir\debug\jsonwriter.obj
c:\users\leah.lindner\documents\personalprojects\synthesizer\build\source\etcore\etcore.dir\debug\jsonparser.obj
c:\users\leah.lindner\documents\personalprojects\synthesizer\build\source\etcore\etcore.dir\debug\jsondom.obj
c:\users\leah.lindner\documents\personalprojects\synthesizer\build\source\etcore\etcore.dir\debug\fileutil.obj
c:\users\leah.lindner\documents\personalprojects\synthesizer\build\source\etcore\etcore.dir\debug\filebase.obj
c:\users\leah.lindner\documents\personalprojects\synthesizer\build\source\etcore\etcore.dir\debug\entry.obj
c:\users\leah.lindner\documents\personalprojects\synthesizer\build\source\etcore\etcore.dir\debug\directorybase.obj
c:\users\leah.lindner\documents\personalprojects\synthesizer\build\source\etcore\etcore.dir\debug\binaryreader.obj
c:\users\leah.lindner\documents\personalprojects\synthesizer\build\source\etcore\etcore.dir\debug\contentmanager.obj
c:\users\leah.lindner\documents\personalprojects\synthesizer\build\source\etcore\etcore.dir\debug\asset.obj
c:\users\leah.lindner\documents\personalprojects\synthesizer\build\source\etcore\etcore.dir\debug\tickable.obj
c:\users\leah.lindner\documents\personalprojects\synthesizer\build\source\etcore\etcore.dir\debug\tickmanager.obj
c:\users\leah.lindner\documents\personalprojects\synthesizer\build\source\etcore\cmakefiles\generate.stamp
c:\users\leah.lindner\documents\personalprojects\synthesizer\build\source\etcore\debug\etcore.lib
c:\users\leah.lindner\documents\personalprojects\synthesizer\build\source\etcore\debug\etcore.pdb
c:\users\leah.lindner\documents\personalprojects\synthesizer\build\source\etcore\etcore.dir\debug\etcore.tlog\cl.command.1.tlog
c:\users\leah.lindner\documents\personalprojects\synthesizer\build\source\etcore\etcore.dir\debug\etcore.tlog\cl.read.1.tlog
c:\users\leah.lindner\documents\personalprojects\synthesizer\build\source\etcore\etcore.dir\debug\etcore.tlog\cl.write.1.tlog
c:\users\leah.lindner\documents\personalprojects\synthesizer\build\source\etcore\etcore.dir\debug\etcore.tlog\custombuild.command.1.tlog
c:\users\leah.lindner\documents\personalprojects\synthesizer\build\source\etcore\etcore.dir\debug\etcore.tlog\custombuild.read.1.tlog
c:\users\leah.lindner\documents\personalprojects\synthesizer\build\source\etcore\etcore.dir\debug\etcore.tlog\custombuild.write.1.tlog
c:\users\leah.lindner\documents\personalprojects\synthesizer\build\source\etcore\etcore.dir\debug\etcore.tlog\lib-link.read.1.tlog
c:\users\leah.lindner\documents\personalprojects\synthesizer\build\source\etcore\etcore.dir\debug\etcore.tlog\lib-link.write.1.tlog
c:\users\leah.lindner\documents\personalprojects\synthesizer\build\source\etcore\etcore.dir\debug\etcore.tlog\lib.command.1.tlog
