  Building Custom Rule C:/Users/leah.lindner/Documents/PersonalProjects/synthesizer/source/EtCore/CMakeLists.txt
  stdafx.cpp
  Asset.cpp
  ContentManager.cpp
  BinaryReader.cpp
  DirectoryBase.cpp
  Entry.cpp
  FileBase.cpp
  FileUtil.cpp
  JSONdom.cpp
  JSONparser.cpp
  JsonWriter.cpp
  Command.cpp
  Commands.cpp
  InputManager.cpp
  Logger.cpp
  PerformanceInfo.cpp
  Time.cpp
  WindowsUtil.cpp
  serialization.cpp
  DefaultTickTriggerer.cpp
  RealTimeTickTriggerer.cpp
  Generating Code...
  Compiling...
  TickManager.cpp
  Tickable.cpp
  Generating Code...
  EtCore.vcxproj -> C:\Users\leah.lindner\Documents\PersonalProjects\synthesizer\lib\Develop\EtCore.lib
